<?xml version="1.0" encoding="UTF-8"?>
<!-- Generated by org.testng.reporters.JUnitReportReporter -->
<testsuite hostname="lisaWork" name="azioni.Login" tests="1" failures="0" timestamp="27 Jul 2018 15:51:50 GMT" time="10.156" errors="0">
  <testcase name="login" time="10.156" classname="azioni.Login"/>
</testsuite> <!-- azioni.Login -->
