<?xml version="1.0" encoding="UTF-8"?>
<!-- Generated by org.testng.reporters.JUnitReportReporter -->
<testsuite hostname="lisaWork" name="azioni.Cerca" tests="1" failures="0" timestamp="27 Jul 2018 15:51:50 GMT" time="8.164" errors="0">
  <testcase name="cercaCaso" time="8.164" classname="azioni.Cerca"/>
</testsuite> <!-- azioni.Cerca -->
