<?xml version="1.0" encoding="UTF-8"?>
<!-- Generated by org.testng.reporters.JUnitReportReporter -->
<testsuite hostname="lisaWork" name="azioni.CreaCaso" tests="1" failures="0" timestamp="25 Jul 2018 09:40:13 GMT" time="71.958" errors="0">
  <testcase name="casiMultipli" time="71.958" classname="azioni.CreaCaso"/>
</testsuite> <!-- azioni.CreaCaso -->
